Putzi/app/build/intermediates/manifest_merge_blame_file/release/manifest-merger-blame-release-report.txt
1<?xml version="1.0" encoding="utf-8"?>
2<manifest xmlns:android="http://schemas.android.com/apk/res/android"
3    package="de.cs.android.putzi"
4    android:versionCode="4"
5    android:versionName="1.0.3" >
6
7    <uses-sdk
8        android:minSdkVersion="14"
8-->src/main/AndroidManifest.xml
9        android:targetSdkVersion="28" />
9-->src/main/AndroidManifest.xml
10
11    <supports-screens
11-->src/main/AndroidManifest.xml:5:5-11:37
12        android:anyDensity="true"
12-->src/main/AndroidManifest.xml:11:9-34
13        android:largeScreens="true"
13-->src/main/AndroidManifest.xml:8:9-36
14        android:normalScreens="true"
14-->src/main/AndroidManifest.xml:7:9-37
15        android:resizeable="true"
15-->src/main/AndroidManifest.xml:10:9-34
16        android:smallScreens="true"
16-->src/main/AndroidManifest.xml:6:9-36
17        android:xlargeScreens="true" />
17-->src/main/AndroidManifest.xml:9:9-37
18
19    <uses-permission android:name="android.permission.WAKE_LOCK" />
19-->src/main/AndroidManifest.xml:13:5-67
19-->src/main/AndroidManifest.xml:13:22-65
20
21    <application
21-->src/main/AndroidManifest.xml:14:5-33:19
22        android:appComponentFactory="android.support.v4.app.CoreComponentFactory"
22-->[com.android.support:support-compat:28.0.0] AndroidManifest.xml:22:18-91
23        android:icon="@drawable/ic_launcher"
23-->src/main/AndroidManifest.xml:15:9-45
24        android:label="@string/app_name"
24-->src/main/AndroidManifest.xml:16:9-41
25        android:theme="@style/PutziTheme" >
25-->src/main/AndroidManifest.xml:17:9-42
26        <activity
26-->src/main/AndroidManifest.xml:18:9-26:20
27            android:name="de.cs.android.putzi.MainActivity"
27-->src/main/AndroidManifest.xml:19:13-41
28            android:label="@string/title_activity_main" >
28-->src/main/AndroidManifest.xml:20:13-56
29            <intent-filter>
29-->src/main/AndroidManifest.xml:21:13-25:29
30                <action android:name="android.intent.action.MAIN" />
30-->src/main/AndroidManifest.xml:22:17-69
30-->src/main/AndroidManifest.xml:22:25-66
31
32                <category android:name="android.intent.category.LAUNCHER" />
32-->src/main/AndroidManifest.xml:24:17-77
32-->src/main/AndroidManifest.xml:24:27-74
33            </intent-filter>
34        </activity>
35        <activity
35-->src/main/AndroidManifest.xml:27:9-30:20
36            android:name="de.cs.android.putzi.Pref"
36-->src/main/AndroidManifest.xml:28:13-33
37            android:label="@string/pref_activity_title" >
37-->src/main/AndroidManifest.xml:29:13-56
38        </activity>
39
40        <service
40-->src/main/AndroidManifest.xml:31:9-72
41            android:name="de.cs.android.putzi.TimerService"
41-->src/main/AndroidManifest.xml:31:41-69
42            android:enabled="true" />
42-->src/main/AndroidManifest.xml:31:18-40
43    </application>
44
45</manifest>